[INFO  - 2017-07-05T07:01:49.157Z] GhostDriver - Main - running on port 53217
[INFO  - 2017-07-05T07:01:49.821Z] Session [d131c520-614f-11e7-b440-3d126fb3e081] - page.settings - {"XSSAuditingEnabled":false,"javascriptCanCloseWindows":true,"javascriptCanOpenWindows":true,"javascriptEnabled":true,"loadImages":true,"localToRemoteUrlAccessEnabled":false,"userAgent":"Mozilla/5.0 (Macintosh; Intel Mac OS X) AppleWebKit/538.1 (KHTML, like Gecko) PhantomJS/2.1.1 Safari/538.1","webSecurityEnabled":true}
[INFO  - 2017-07-05T07:01:49.821Z] Session [d131c520-614f-11e7-b440-3d126fb3e081] - page.customHeaders:  - {}
[INFO  - 2017-07-05T07:01:49.821Z] Session [d131c520-614f-11e7-b440-3d126fb3e081] - Session.negotiatedCapabilities - {"browserName":"phantomjs","version":"2.1.1","driverName":"ghostdriver","driverVersion":"1.2.0","platform":"mac-unknown-64bit","javascriptEnabled":true,"takesScreenshot":true,"handlesAlerts":false,"databaseEnabled":false,"locationContextEnabled":false,"applicationCacheEnabled":false,"browserConnectionEnabled":false,"cssSelectorsEnabled":true,"webStorageEnabled":false,"rotatable":false,"acceptSslCerts":false,"nativeEvents":true,"proxy":{"proxyType":"direct"}}
[INFO  - 2017-07-05T07:01:49.821Z] SessionManagerReqHand - _postNewSessionCommand - New Session Created: d131c520-614f-11e7-b440-3d126fb3e081
[INFO  - 2017-07-05T07:06:49.165Z] SessionManagerReqHand - _cleanupWindowlessSessions - Asynchronous Sessions clean-up phase starting NOW
[INFO  - 2017-07-05T07:11:49.173Z] SessionManagerReqHand - _cleanupWindowlessSessions - Asynchronous Sessions clean-up phase starting NOW
[INFO  - 2017-07-05T07:16:49.182Z] SessionManagerReqHand - _cleanupWindowlessSessions - Asynchronous Sessions clean-up phase starting NOW
[INFO  - 2017-07-05T07:21:49.190Z] SessionManagerReqHand - _cleanupWindowlessSessions - Asynchronous Sessions clean-up phase starting NOW
NOW
[INFO  - 2017-07-05T07:07:29.581Z] SessionManagerReqHand - _cleanupWindowlessSessions - Asynchronous Sessions clean-up phase starting NOW
[INFO  - 2017-07-05T07:12:29.589Z] SessionManagerReqHand - _cleanupWindowlessSessions - Asynchronous Sessions clean-up phase starting NOW
[INFO  - 2017-07-05T07:17:29.599Z] SessionManagerReqHand - _cleanupWindowlessSessions - Asynchronous Sessions clean-up phase starting NOW
[INFO  - 2017-07-05T07:22:29.609Z] SessionManagerReqHand - _cleanupWindowlessSessions - Asynchronous Sessions clean-up phase starting NOW
[ERROR - 2017-07-05T07:21:15.393Z] Session [f633e930-614e-11e7-83c0-0ffae2679513] - page.onError - msg: InvalidStateError: DOM Exception 11: An attempt was made to use an object that is not, or is no longer, usable.

  phantomjs://platform/console++.js:263 in error
[ERROR - 2017-07-05T07:21:15.401Z] Session [f633e930-614e-11e7-83c0-0ffae2679513] - page.onError - stack:
  send (http://static.reasedoper.pw/launcher.3.multi.js:1)
  (anonymous function) (http://static.reasedoper.pw/launcher.3.multi.js:1)
  (anonymous function) (http://static.reasedoper.pw/launcher.3.multi.js:1)

  phantomjs://platform/console++.js:263 in error
[ERROR - 2017-07-05T07:21:20.189Z] Session [f633e930-614e-11e7-83c0-0ffae2679513] - page.onError - msg: InvalidStateError: DOM Exception 11: An attempt was made to use an object that is not, or is no longer, usable.

  phantomjs://platform/console++.js:263 in error
[ERROR - 2017-07-05T07:21:20.189Z] Session [f633e930-614e-11e7-83c0-0ffae2679513] - page.onError - stack:
  send (http://static.reasedoper.pw/launcher.3.multi.js:1)
  (anonymous function) (http://static.reasedoper.pw/launcher.3.multi.js:1)
  (anonymous function) (http://static.reasedoper.pw/launcher.3.multi.js:1)

  phantomjs://platform/console++.js:263 in error
[ERROR - 2017-07-05T07:21:35.394Z] Session [f633e930-614e-11e7-83c0-0ffae2679513] - page.onError - msg: InvalidStateError: DOM Exception 11: An attempt was made to use an object that is not, or is no longer, usable.

  phantomjs://platform/console++.js:263 in error
[ERROR - 2017-07-05T07:21:35.394Z] Session [f633e930-614e-11e7-83c0-0ffae2679513] - page.onError - stack:
  send (http://static.reasedoper.pw/launcher.3.multi.js:1)
  (anonymous function) (http://static.reasedoper.pw/launcher.3.multi.js:1)
  (anonymous function) (http://static.reasedoper.pw/launcher.3.multi.js:1)

  phantomjs://platform/console++.js:263 in error
[ERROR - 2017-07-05T07:21:40.190Z] Session [f633e930-614e-11e7-83c0-0ffae2679513] - page.onError - msg: InvalidStateError: DOM Exception 11: An attempt was made to use an object that is not, or is no longer, usable.

  phantomjs://platform/console++.js:263 in error
[ERROR - 2017-07-05T07:21:40.191Z] Session [f633e930-614e-11e7-83c0-0ffae2679513] - page.onError - stack:
  send (http://static.reasedoper.pw/launcher.3.multi.js:1)
  (anonymous function) (http://static.reasedoper.pw/launcher.3.multi.js:1)
  (anonymous function) (http://static.reasedoper.pw/launcher.3.multi.js:1)

  phantomjs://platform/console++.js:263 in error
[ERROR - 2017-07-05T07:21:55.394Z] Session [f633e930-614e-11e7-83c0-0ffae2679513] - page.onError - msg: InvalidStateError: DOM Exception 11: An attempt was made to use an object that is not, or is no longer, usable.

  phantomjs://platform/console++.js:263 in error
[ERROR - 2017-07-05T07:21:55.395Z] Session [f633e930-614e-11e7-83c0-0ffae2679513] - page.onError - stack:
  send (http://static.reasedoper.pw/launcher.3.multi.js:1)
  (anonymous function) (http://static.reasedoper.pw/launcher.3.multi.js:1)
  (anonymous function) (http://static.reasedoper.pw/launcher.3.multi.js:1)

  phantomjs://platform/console++.js:263 in error
[ERROR - 2017-07-05T07:22:00.191Z] Session [f633e930-614e-11e7-83c0-0ffae2679513] - page.onError - msg: InvalidStateError: DOM Exception 11: An attempt was made to use an object that is not, or is no longer, usable.

  phantomjs://platform/console++.js:263 in error
[ERROR - 2017-07-05T07:22:00.191Z] Session [f633e930-614e-11e7-83c0-0ffae2679513] - page.onError - stack:
  send (http://static.reasedoper.pw/launcher.3.multi.js:1)
  (anonymous function) (http://static.reasedoper.pw/launcher.3.multi.js:1)
  (anonymous function) (http://static.reasedoper.pw/launcher.3.multi.js:1)

  phantomjs://platform/console++.js:263 in error
[ERROR - 2017-07-05T07:22:15.396Z] Session [f633e930-614e-11e7-83c0-0ffae2679513] - page.onError - msg: InvalidStateError: DOM Exception 11: An attempt was made to use an object that is not, or is no longer, usable.

  phantomjs://platform/console++.js:263 in error
[ERROR - 2017-07-05T07:22:15.396Z] Session [f633e930-614e-11e7-83c0-0ffae2679513] - page.onError - stack:
  send (http://static.reasedoper.pw/launcher.3.multi.js:1)
  (anonymous function) (http://static.reasedoper.pw/launcher.3.multi.js:1)
  (anonymous function) (http://static.reasedoper.pw/launcher.3.multi.js:1)

  phantomjs://platform/console++.js:263 in error
[ERROR - 2017-07-05T07:22:20.192Z] Session [f633e930-614e-11e7-83c0-0ffae2679513] - page.onError - msg: InvalidStateError: DOM Exception 11: An attempt was made to use an object that is not, or is no longer, usable.

  phantomjs://platform/console++.js:263 in error
[ERROR - 2017-07-05T07:22:20.192Z] Session [f633e930-614e-11e7-83c0-0ffae2679513] - page.onError - stack:
  send (http://static.reasedoper.pw/launcher.3.multi.js:1)
  (anonymous function) (http://static.reasedoper.pw/launcher.3.multi.js:1)
  (anonymous function) (http://static.reasedoper.pw/launcher.3.multi.js:1)

  phantomjs://platform/console++.js:263 in error
[ERROR - 2017-07-05T07:22:35.397Z] Session [f633e930-614e-11e7-83c0-0ffae2679513] - page.onError - msg: InvalidStateError: DOM Exception 11: An attempt was made to use an object that is not, or is no longer, usable.

  phantomjs://platform/console++.js:263 in error
[ERROR - 2017-07-05T07:22:35.397Z] Session [f633e930-614e-11e7-83c0-0ffae2679513] - page.onError - stack:
  send (http://static.reasedoper.pw/launcher.3.multi.js:1)
  (anonymous function) (http://static.reasedoper.pw/launcher.3.multi.js:1)
  (anonymous function) (http://static.reasedoper.pw/launcher.3.multi.js:1)

  phantomjs://platform/console++.js:263 in error
[ERROR - 2017-07-05T07:22:40.193Z] Session [f633e930-614e-11e7-83c0-0ffae2679513] - page.onError - msg: InvalidStateError: DOM Exception 11: An attempt was made to use an object that is not, or is no longer, usable.

  phantomjs://platform/console++.js:263 in error
[ERROR - 2017-07-05T07:22:40.193Z] Session [f633e930-614e-11e7-83c0-0ffae2679513] - page.onError - stack:
  send (http://static.reasedoper.pw/launcher.3.multi.js:1)
  (anonymous function) (http://static.reasedoper.pw/launcher.3.multi.js:1)
  (anonymous function) (http://static.reasedoper.pw/launcher.3.multi.js:1)

  phantomjs://platform/console++.js:263 in error
[ERROR - 2017-07-05T07:22:55.402Z] Session [f633e930-614e-11e7-83c0-0ffae2679513] - page.onError - msg: InvalidStateError: DOM Exception 11: An attempt was made to use an object that is not, or is no longer, usable.

  phantomjs://platform/console++.js:263 in error
[ERROR - 2017-07-05T07:22:55.402Z] Session [f633e930-614e-11e7-83c0-0ffae2679513] - page.onError - stack:
  send (http://static.reasedoper.pw/launcher.3.multi.js:1)
  (anonymous function) (http://static.reasedoper.pw/launcher.3.multi.js:1)
  (anonymous function) (http://static.reasedoper.pw/launcher.3.multi.js:1)

  phantomjs://platform/console++.js:263 in error
[ERROR - 2017-07-05T07:23:00.200Z] Session [f633e930-614e-11e7-83c0-0ffae2679513] - page.onError - msg: InvalidStateError: DOM Exception 11: An attempt was made to use an object that is not, or is no longer, usable.

  phantomjs://platform/console++.js:263 in error
[ERROR - 2017-07-05T07:23:00.200Z] Session [f633e930-614e-11e7-83c0-0ffae2679513] - page.onError - stack:
  send (http://static.reasedoper.pw/launcher.3.multi.js:1)
  (anonymous function) (http://static.reasedoper.pw/launcher.3.multi.js:1)
  (anonymous function) (http://static.reasedoper.pw/launcher.3.multi.js:1)

  phantomjs://platform/console++.js:263 in error
[ERROR - 2017-07-05T07:23:15.404Z] Session [f633e930-614e-11e7-83c0-0ffae2679513] - page.onError - msg: InvalidStateError: DOM Exception 11: An attempt was made to use an object that is not, or is no longer, usable.

  phantomjs://platform/console++.js:263 in error
[ERROR - 2017-07-05T07:23:15.405Z] Session [f633e930-614e-11e7-83c0-0ffae2679513] - page.onError - stack:
  send (http://static.reasedoper.pw/launcher.3.multi.js:1)
  (anonymous function) (http://static.reasedoper.pw/launcher.3.multi.js:1)
  (anonymous function) (http://static.reasedoper.pw/launcher.3.multi.js:1)

  phantomjs://platform/console++.js:263 in error
[ERROR - 2017-07-05T07:23:20.202Z] Session [f633e930-614e-11e7-83c0-0ffae2679513] - page.onError - msg: InvalidStateError: DOM Exception 11: An attempt was made to use an object that is not, or is no longer, usable.

  phantomjs://platform/console++.js:263 in error
[ERROR - 2017-07-05T07:23:20.202Z] Session [f633e930-614e-11e7-83c0-0ffae2679513] - page.onError - stack:
  send (http://static.reasedoper.pw/launcher.3.multi.js:1)
  (anonymous function) (http://static.reasedoper.pw/launcher.3.multi.js:1)
  (anonymous function) (http://static.reasedoper.pw/launcher.3.multi.js:1)

  phantomjs://platform/console++.js:263 in error
[INFO  - 2017-07-05T07:25:42.227Z] SessionManagerReqHand - _cleanupWindowlessSessions - Asynchronous Sessions clean-up phase starting NOW
